{
  "RSpec": {
    "coverage": {
      "/home/matt/github/rspec_contatct_manager/spec/models/person_spec.rb": [
        1,
        null,
        1,
        8,
        null,
        1,
        1,
        null,
        null,
        1,
        1,
        1,
        null,
        null,
        1,
        1,
        1,
        null,
        null,
        1,
        1,
        1,
        null,
        null,
        1,
        1,
        1,
        null,
        null,
        1,
        1,
        null,
        null,
        1,
        1,
        null,
        null
      ],
      "/home/matt/github/rspec_contatct_manager/spec/rails_helper.rb": [
        null,
        1,
        1,
        1,
        null,
        1,
        1,
        null,
        null,
        null,
        null,
        null,
        null,
        null,
        null,
        null,
        null,
        null,
        null,
        null,
        null,
        null,
        null,
        null,
        null,
        null,
        1,
        null,
        1,
        null,
        1,
        null,
        null,
        null,
        null,
        1,
        null,
        null,
        null,
        null,
        null,
        null,
        null,
        null,
        null,
        null,
        null,
        null,
        null,
        null,
        1,
        null,
        null,
        1,
        null,
        null,
        null
      ],
      "/home/matt/github/rspec_contatct_manager/config/environment.rb": [
        null,
        1,
        null,
        null,
        1
      ],
      "/home/matt/github/rspec_contatct_manager/config/application.rb": [
        1,
        null,
        1,
        null,
        1,
        1,
        1,
        1,
        1,
        1,
        1,
        1,
        null,
        null,
        null,
        null,
        1,
        null,
        1,
        1,
        null,
        1,
        null,
        null,
        null,
        null,
        null,
        null,
        1,
        null,
        null
      ],
      "/home/matt/github/rspec_contatct_manager/config/boot.rb": [
        1,
        null,
        1
      ],
      "/home/matt/github/rspec_contatct_manager/config/environments/test.rb": [
        1,
        null,
        null,
        null,
        null,
        null,
        null,
        1,
        null,
        null,
        null,
        null,
        1,
        null,
        null,
        1,
        1,
        null,
        null,
        null,
        null,
        1,
        1,
        null,
        null,
        1,
        null,
        null,
        1,
        1,
        null,
        null,
        null,
        null,
        1,
        null,
        null,
        1,
        null,
        null,
        null,
        null
      ],
      "/home/matt/github/rspec_contatct_manager/config/initializers/application_controller_renderer.rb": [
        null,
        null,
        null,
        null,
        null,
        null,
        null,
        null
      ],
      "/home/matt/github/rspec_contatct_manager/config/initializers/assets.rb": [
        null,
        null,
        null,
        1,
        null,
        null,
        null,
        null,
        1,
        null,
        null,
        null,
        null,
        null
      ],
      "/home/matt/github/rspec_contatct_manager/config/initializers/backtrace_silencers.rb": [
        null,
        null,
        null,
        null,
        null,
        null,
        null
      ],
      "/home/matt/github/rspec_contatct_manager/config/initializers/cookies_serializer.rb": [
        null,
        null,
        null,
        null,
        1
      ],
      "/home/matt/github/rspec_contatct_manager/config/initializers/filter_parameter_logging.rb": [
        null,
        null,
        null,
        1
      ],
      "/home/matt/github/rspec_contatct_manager/config/initializers/inflections.rb": [
        null,
        null,
        null,
        null,
        null,
        null,
        null,
        null,
        null,
        null,
        null,
        null,
        null,
        null,
        null,
        null
      ],
      "/home/matt/github/rspec_contatct_manager/config/initializers/mime_types.rb": [
        null,
        null,
        null,
        null
      ],
      "/home/matt/github/rspec_contatct_manager/config/initializers/wrap_parameters.rb": [
        null,
        null,
        null,
        null,
        null,
        null,
        1,
        2,
        null,
        null,
        null,
        null,
        null,
        null
      ],
      "/home/matt/github/rspec_contatct_manager/config/routes.rb": [
        1,
        1,
        1,
        1,
        1,
        null,
        null
      ],
      "/home/matt/github/rspec_contatct_manager/app/models/person.rb": [
        1,
        1,
        null,
        1,
        null,
        1,
        1,
        null,
        null,
        1,
        1,
        null,
        null
      ],
      "/home/matt/github/rspec_contatct_manager/app/models/application_record.rb": [
        1,
        1,
        null
      ],
      "/home/matt/github/rspec_contatct_manager/app/models/contact.rb": [
        1,
        1,
        null,
        1,
        1,
        1,
        null,
        null,
        1,
        null,
        null
      ],
      "/home/matt/github/rspec_contatct_manager/app/models/phone_number.rb": [
        1,
        1,
        null,
        1,
        null
      ],
      "/home/matt/github/rspec_contatct_manager/app/models/email_address.rb": [
        1,
        1,
        null,
        1,
        null
      ]
    },
    "timestamp": 1522069202
  }
}
